<?xml version="1.0" encoding="UTF-8"?>
<testsuite name="com.envy.springboot.web.HelloControllerTest" tests="2" skipped="0" failures="0" errors="0" timestamp="2020-08-25T02:44:35" hostname="DESKTOP-5FOIT9P" time="0.149">
  <properties/>
  <testcase name="helloDto" classname="com.envy.springboot.web.HelloControllerTest" time="0.143"/>
  <testcase name="hello" classname="com.envy.springboot.web.HelloControllerTest" time="0.006"/>
  <system-out><![CDATA[2020-08-25 11:44:34.616  INFO 8868 --- [    Test worker] .b.t.a.w.s.WebMvcTestContextBootstrapper : Neither @ContextConfiguration nor @ContextHierarchy found for test class [com.envy.springboot.web.HelloControllerTest], using SpringBootContextLoader
2020-08-25 11:44:34.617  INFO 8868 --- [    Test worker] o.s.t.c.support.AbstractContextLoader    : Could not detect default resource locations for test class [com.envy.springboot.web.HelloControllerTest]: no resource found for suffixes {-context.xml, Context.groovy}.
2020-08-25 11:44:34.618  INFO 8868 --- [    Test worker] t.c.s.AnnotationConfigContextLoaderUtils : Could not detect default configuration classes for test class [com.envy.springboot.web.HelloControllerTest]: HelloControllerTest does not declare any static, non-private, non-final, nested classes annotated with @Configuration.
2020-08-25 11:44:34.642  INFO 8868 --- [    Test worker] .b.t.c.SpringBootTestContextBootstrapper : Found @SpringBootConfiguration com.envy.springboot.Application for test class com.envy.springboot.web.HelloControllerTest
2020-08-25 11:44:34.642  INFO 8868 --- [    Test worker] .b.t.a.w.s.WebMvcTestContextBootstrapper : Loaded default TestExecutionListener class names from location [META-INF/spring.factories]: [org.springframework.security.test.context.support.WithSecurityContextTestExecutionListener, org.springframework.security.test.context.support.ReactorContextTestExecutionListener, org.springframework.boot.test.autoconfigure.restdocs.RestDocsTestExecutionListener, org.springframework.boot.test.autoconfigure.web.client.MockRestServiceServerResetTestExecutionListener, org.springframework.boot.test.autoconfigure.web.servlet.MockMvcPrintOnlyOnFailureTestExecutionListener, org.springframework.boot.test.autoconfigure.web.servlet.WebDriverTestExecutionListener, org.springframework.boot.test.mock.mockito.MockitoTestExecutionListener, org.springframework.boot.test.mock.mockito.ResetMocksTestExecutionListener, org.springframework.test.context.web.ServletTestExecutionListener, org.springframework.test.context.support.DirtiesContextBeforeModesTestExecutionListener, org.springframework.test.context.support.DependencyInjectionTestExecutionListener, org.springframework.test.context.support.DirtiesContextTestExecutionListener, org.springframework.test.context.transaction.TransactionalTestExecutionListener, org.springframework.test.context.jdbc.SqlScriptsTestExecutionListener]
2020-08-25 11:44:34.644  INFO 8868 --- [    Test worker] .b.t.a.w.s.WebMvcTestContextBootstrapper : Using TestExecutionListeners: [org.springframework.test.context.web.ServletTestExecutionListener@65415eb3, org.springframework.test.context.support.DirtiesContextBeforeModesTestExecutionListener@5969d95f, org.springframework.boot.test.mock.mockito.MockitoTestExecutionListener@711fbf64, org.springframework.boot.test.autoconfigure.SpringBootDependencyInjectionTestExecutionListener@2667f1df, org.springframework.test.context.support.DirtiesContextTestExecutionListener@49bc8766, org.springframework.test.context.transaction.TransactionalTestExecutionListener@5e880c2f, org.springframework.test.context.jdbc.SqlScriptsTestExecutionListener@52e06c05, org.springframework.security.test.context.support.WithSecurityContextTestExecutionListener@4b10868f, org.springframework.security.test.context.support.ReactorContextTestExecutionListener@663abf3c, org.springframework.boot.test.autoconfigure.restdocs.RestDocsTestExecutionListener@784d3ea0, org.springframework.boot.test.autoconfigure.web.client.MockRestServiceServerResetTestExecutionListener@299cf5e8, org.springframework.boot.test.autoconfigure.web.servlet.MockMvcPrintOnlyOnFailureTestExecutionListener@66772aaa, org.springframework.boot.test.autoconfigure.web.servlet.WebDriverTestExecutionListener@5587aa07, org.springframework.boot.test.mock.mockito.ResetMocksTestExecutionListener@442e3629]

  .   ____          _            __ _ _
 /\\ / ___'_ __ _ _(_)_ __  __ _ \ \ \ \
( ( )\___ | '_ | '_| | '_ \/ _` | \ \ \ \
 \\/  ___)| |_)| | | | | || (_| |  ) ) ) )
  '  |____| .__|_| |_|_| |_\__, | / / / /
 =========|_|==============|___/=/_/_/_/
 :: Spring Boot ::        (v2.1.7.RELEASE)

2020-08-25 11:44:34.677  INFO 8868 --- [    Test worker] c.e.springboot.web.HelloControllerTest   : Starting HelloControllerTest on DESKTOP-5FOIT9P with PID 8868 (started by kkt35 in D:\IdeaProjects\springboot-webservice)
2020-08-25 11:44:34.679  INFO 8868 --- [    Test worker] c.e.springboot.web.HelloControllerTest   : No active profile set, falling back to default profiles: default
2020-08-25 11:44:35.062  INFO 8868 --- [    Test worker] o.s.s.concurrent.ThreadPoolTaskExecutor  : Initializing ExecutorService 'applicationTaskExecutor'
2020-08-25 11:44:35.093  INFO 8868 --- [    Test worker] o.s.b.a.w.s.WelcomePageHandlerMapping    : Adding welcome page template: index
2020-08-25 11:44:35.264  INFO 8868 --- [    Test worker] .s.s.UserDetailsServiceAutoConfiguration : 

Using generated security password: 576a4f72-3fb7-4e18-80db-b63765eebef4

2020-08-25 11:44:35.378  INFO 8868 --- [    Test worker] o.s.s.web.DefaultSecurityFilterChain     : Creating filter chain: any request, [org.springframework.security.web.context.request.async.WebAsyncManagerIntegrationFilter@17512732, org.springframework.security.web.context.SecurityContextPersistenceFilter@34b9f61c, org.springframework.security.web.header.HeaderWriterFilter@1f18f202, org.springframework.security.web.csrf.CsrfFilter@38dce2b9, org.springframework.security.web.authentication.logout.LogoutFilter@557eaa69, org.springframework.security.web.authentication.UsernamePasswordAuthenticationFilter@1decfb46, org.springframework.security.web.authentication.ui.DefaultLoginPageGeneratingFilter@754d6be5, org.springframework.security.web.authentication.ui.DefaultLogoutPageGeneratingFilter@6fd399d8, org.springframework.security.web.authentication.www.BasicAuthenticationFilter@41848ca2, org.springframework.security.web.savedrequest.RequestCacheAwareFilter@1d3085ff, org.springframework.security.web.servletapi.SecurityContextHolderAwareRequestFilter@4560fcb9, org.springframework.security.web.authentication.AnonymousAuthenticationFilter@ad7e91c, org.springframework.security.web.session.SessionManagementFilter@408e1272, org.springframework.security.web.access.ExceptionTranslationFilter@63c95d21, org.springframework.security.web.access.intercept.FilterSecurityInterceptor@41c97bfe]
2020-08-25 11:44:35.409  INFO 8868 --- [    Test worker] o.s.b.t.m.w.SpringBootMockServletContext : Initializing Spring TestDispatcherServlet ''
2020-08-25 11:44:35.409  INFO 8868 --- [    Test worker] o.s.t.web.servlet.TestDispatcherServlet  : Initializing Servlet ''
2020-08-25 11:44:35.422  INFO 8868 --- [    Test worker] o.s.t.web.servlet.TestDispatcherServlet  : Completed initialization in 13 ms
2020-08-25 11:44:35.445  INFO 8868 --- [    Test worker] c.e.springboot.web.HelloControllerTest   : Started HelloControllerTest in 0.799 seconds (JVM running for 8.034)
]]></system-out>
  <system-err><![CDATA[]]></system-err>
</testsuite>
