<?xml version="1.0" encoding="UTF-8"?>
<testsuite name="com.envy.springboot.web.PostsApiControllerTest" tests="2" skipped="0" failures="0" errors="0" timestamp="2020-08-25T02:44:37" hostname="DESKTOP-5FOIT9P" time="0.101">
  <properties/>
  <testcase name="Posts_등록된다" classname="com.envy.springboot.web.PostsApiControllerTest" time="0.071"/>
  <testcase name="Posts_수정된다" classname="com.envy.springboot.web.PostsApiControllerTest" time="0.029"/>
  <system-out><![CDATA[2020-08-25 11:44:37.859  INFO 8868 --- [    Test worker] .b.t.c.SpringBootTestContextBootstrapper : Neither @ContextConfiguration nor @ContextHierarchy found for test class [com.envy.springboot.web.PostsApiControllerTest], using SpringBootContextLoader
2020-08-25 11:44:37.860  INFO 8868 --- [    Test worker] o.s.t.c.support.AbstractContextLoader    : Could not detect default resource locations for test class [com.envy.springboot.web.PostsApiControllerTest]: no resource found for suffixes {-context.xml, Context.groovy}.
2020-08-25 11:44:37.860  INFO 8868 --- [    Test worker] t.c.s.AnnotationConfigContextLoaderUtils : Could not detect default configuration classes for test class [com.envy.springboot.web.PostsApiControllerTest]: PostsApiControllerTest does not declare any static, non-private, non-final, nested classes annotated with @Configuration.
2020-08-25 11:44:37.862  INFO 8868 --- [    Test worker] .b.t.c.SpringBootTestContextBootstrapper : Found @SpringBootConfiguration com.envy.springboot.Application for test class com.envy.springboot.web.PostsApiControllerTest
2020-08-25 11:44:37.863  INFO 8868 --- [    Test worker] .b.t.c.SpringBootTestContextBootstrapper : Loaded default TestExecutionListener class names from location [META-INF/spring.factories]: [org.springframework.security.test.context.support.WithSecurityContextTestExecutionListener, org.springframework.security.test.context.support.ReactorContextTestExecutionListener, org.springframework.boot.test.autoconfigure.restdocs.RestDocsTestExecutionListener, org.springframework.boot.test.autoconfigure.web.client.MockRestServiceServerResetTestExecutionListener, org.springframework.boot.test.autoconfigure.web.servlet.MockMvcPrintOnlyOnFailureTestExecutionListener, org.springframework.boot.test.autoconfigure.web.servlet.WebDriverTestExecutionListener, org.springframework.boot.test.mock.mockito.MockitoTestExecutionListener, org.springframework.boot.test.mock.mockito.ResetMocksTestExecutionListener, org.springframework.test.context.web.ServletTestExecutionListener, org.springframework.test.context.support.DirtiesContextBeforeModesTestExecutionListener, org.springframework.test.context.support.DependencyInjectionTestExecutionListener, org.springframework.test.context.support.DirtiesContextTestExecutionListener, org.springframework.test.context.transaction.TransactionalTestExecutionListener, org.springframework.test.context.jdbc.SqlScriptsTestExecutionListener]
2020-08-25 11:44:37.864  INFO 8868 --- [    Test worker] .b.t.c.SpringBootTestContextBootstrapper : Using TestExecutionListeners: [org.springframework.test.context.web.ServletTestExecutionListener@7badf92a, org.springframework.test.context.support.DirtiesContextBeforeModesTestExecutionListener@41e97342, org.springframework.boot.test.mock.mockito.MockitoTestExecutionListener@55b1fea3, org.springframework.boot.test.autoconfigure.SpringBootDependencyInjectionTestExecutionListener@27ab0c80, org.springframework.test.context.support.DirtiesContextTestExecutionListener@33dbd5f6, org.springframework.test.context.transaction.TransactionalTestExecutionListener@39a2d3ac, org.springframework.test.context.jdbc.SqlScriptsTestExecutionListener@63bc66dd, org.springframework.security.test.context.support.WithSecurityContextTestExecutionListener@1c8cb926, org.springframework.security.test.context.support.ReactorContextTestExecutionListener@7195ab24, org.springframework.boot.test.autoconfigure.restdocs.RestDocsTestExecutionListener@5e052909, org.springframework.boot.test.autoconfigure.web.client.MockRestServiceServerResetTestExecutionListener@5e8f369a, org.springframework.boot.test.autoconfigure.web.servlet.MockMvcPrintOnlyOnFailureTestExecutionListener@27b3e1e4, org.springframework.boot.test.autoconfigure.web.servlet.WebDriverTestExecutionListener@7ba3b2bd, org.springframework.boot.test.mock.mockito.ResetMocksTestExecutionListener@c1991a1]
2020-08-25 11:44:37.873  INFO 8868 --- [    Test worker] o.a.c.c.C.[Tomcat].[localhost].[/]       : Initializing Spring TestDispatcherServlet ''
2020-08-25 11:44:37.874  INFO 8868 --- [    Test worker] o.s.t.web.servlet.TestDispatcherServlet  : Initializing Servlet ''
2020-08-25 11:44:37.876  INFO 8868 --- [    Test worker] o.s.t.web.servlet.TestDispatcherServlet  : Completed initialization in 2 ms
Hibernate: insert into posts (created_date, modified_date, author, content, title) values (?, ?, ?, ?, ?)
Hibernate: select posts0_.id as id1_0_, posts0_.created_date as created_2_0_, posts0_.modified_date as modified3_0_, posts0_.author as author4_0_, posts0_.content as content5_0_, posts0_.title as title6_0_ from posts posts0_
Hibernate: select posts0_.id as id1_0_, posts0_.created_date as created_2_0_, posts0_.modified_date as modified3_0_, posts0_.author as author4_0_, posts0_.content as content5_0_, posts0_.title as title6_0_ from posts posts0_
Hibernate: delete from posts where id=?
2020-08-25 11:44:37.942  INFO 8868 --- [    Test worker] o.a.c.c.C.[Tomcat].[localhost].[/]       : Initializing Spring TestDispatcherServlet ''
2020-08-25 11:44:37.942  INFO 8868 --- [    Test worker] o.s.t.web.servlet.TestDispatcherServlet  : Initializing Servlet ''
2020-08-25 11:44:37.945  INFO 8868 --- [    Test worker] o.s.t.web.servlet.TestDispatcherServlet  : Completed initialization in 3 ms
Hibernate: insert into posts (created_date, modified_date, author, content, title) values (?, ?, ?, ?, ?)
Hibernate: select posts0_.id as id1_0_0_, posts0_.created_date as created_2_0_0_, posts0_.modified_date as modified3_0_0_, posts0_.author as author4_0_0_, posts0_.content as content5_0_0_, posts0_.title as title6_0_0_ from posts posts0_ where posts0_.id=?
Hibernate: update posts set created_date=?, modified_date=?, author=?, content=?, title=? where id=?
Hibernate: select posts0_.id as id1_0_, posts0_.created_date as created_2_0_, posts0_.modified_date as modified3_0_, posts0_.author as author4_0_, posts0_.content as content5_0_, posts0_.title as title6_0_ from posts posts0_
Hibernate: select posts0_.id as id1_0_, posts0_.created_date as created_2_0_, posts0_.modified_date as modified3_0_, posts0_.author as author4_0_, posts0_.content as content5_0_, posts0_.title as title6_0_ from posts posts0_
Hibernate: delete from posts where id=?
]]></system-out>
  <system-err><![CDATA[]]></system-err>
</testsuite>
