<?xml version="1.0" encoding="UTF-8"?>
<testsuite name="com.envy.springboot.web.dto.HelloResponseDtoTest" tests="1" skipped="0" failures="0" errors="0" timestamp="2020-08-25T02:44:34" hostname="DESKTOP-5FOIT9P" time="0.003">
  <properties/>
  <testcase name="lombok_test" classname="com.envy.springboot.web.dto.HelloResponseDtoTest" time="0.003"/>
  <system-out><![CDATA[]]></system-out>
  <system-err><![CDATA[]]></system-err>
</testsuite>
