<?xml version="1.0" encoding="UTF-8"?>
<testsuite name="com.envy.springboot.web.PostsApiControllerTest" tests="1" skipped="0" failures="0" errors="0" timestamp="2020-09-01T07:34:03" hostname="DESKTOP-5FOIT9P" time="0.509">
  <properties/>
  <testcase name="Posts_등록된다" classname="com.envy.springboot.web.PostsApiControllerTest" time="0.509"/>
  <system-out><![CDATA[16:33:57.571 [Test worker] DEBUG org.springframework.test.context.junit4.SpringJUnit4ClassRunner - SpringJUnit4ClassRunner constructor called with [class com.envy.springboot.web.PostsApiControllerTest]
16:33:57.581 [Test worker] DEBUG org.springframework.test.context.BootstrapUtils - Instantiating CacheAwareContextLoaderDelegate from class [org.springframework.test.context.cache.DefaultCacheAwareContextLoaderDelegate]
16:33:57.589 [Test worker] DEBUG org.springframework.test.context.BootstrapUtils - Instantiating BootstrapContext using constructor [public org.springframework.test.context.support.DefaultBootstrapContext(java.lang.Class,org.springframework.test.context.CacheAwareContextLoaderDelegate)]
16:33:57.606 [Test worker] DEBUG org.springframework.test.context.BootstrapUtils - Instantiating TestContextBootstrapper for test class [com.envy.springboot.web.PostsApiControllerTest] from class [org.springframework.boot.test.context.SpringBootTestContextBootstrapper]
16:33:57.615 [Test worker] INFO org.springframework.boot.test.context.SpringBootTestContextBootstrapper - Neither @ContextConfiguration nor @ContextHierarchy found for test class [com.envy.springboot.web.PostsApiControllerTest], using SpringBootContextLoader
16:33:57.618 [Test worker] DEBUG org.springframework.test.context.support.AbstractContextLoader - Did not detect default resource location for test class [com.envy.springboot.web.PostsApiControllerTest]: class path resource [com/envy/springboot/web/PostsApiControllerTest-context.xml] does not exist
16:33:57.619 [Test worker] DEBUG org.springframework.test.context.support.AbstractContextLoader - Did not detect default resource location for test class [com.envy.springboot.web.PostsApiControllerTest]: class path resource [com/envy/springboot/web/PostsApiControllerTestContext.groovy] does not exist
16:33:57.619 [Test worker] INFO org.springframework.test.context.support.AbstractContextLoader - Could not detect default resource locations for test class [com.envy.springboot.web.PostsApiControllerTest]: no resource found for suffixes {-context.xml, Context.groovy}.
16:33:57.619 [Test worker] INFO org.springframework.test.context.support.AnnotationConfigContextLoaderUtils - Could not detect default configuration classes for test class [com.envy.springboot.web.PostsApiControllerTest]: PostsApiControllerTest does not declare any static, non-private, non-final, nested classes annotated with @Configuration.
16:33:57.661 [Test worker] DEBUG org.springframework.test.context.support.ActiveProfilesUtils - Could not find an 'annotation declaring class' for annotation type [org.springframework.test.context.ActiveProfiles] and class [com.envy.springboot.web.PostsApiControllerTest]
16:33:57.743 [Test worker] DEBUG org.springframework.context.annotation.ClassPathScanningCandidateComponentProvider - Identified candidate component class: file [D:\IdeaProjects\springboot-webservice\build\classes\java\main\com\envy\springboot\Application.class]
16:33:57.745 [Test worker] INFO org.springframework.boot.test.context.SpringBootTestContextBootstrapper - Found @SpringBootConfiguration com.envy.springboot.Application for test class com.envy.springboot.web.PostsApiControllerTest
16:33:57.833 [Test worker] DEBUG org.springframework.boot.test.context.SpringBootTestContextBootstrapper - @TestExecutionListeners is not present for class [com.envy.springboot.web.PostsApiControllerTest]: using defaults.
16:33:57.834 [Test worker] INFO org.springframework.boot.test.context.SpringBootTestContextBootstrapper - Loaded default TestExecutionListener class names from location [META-INF/spring.factories]: [org.springframework.security.test.context.support.WithSecurityContextTestExecutionListener, org.springframework.security.test.context.support.ReactorContextTestExecutionListener, org.springframework.boot.test.autoconfigure.restdocs.RestDocsTestExecutionListener, org.springframework.boot.test.autoconfigure.web.client.MockRestServiceServerResetTestExecutionListener, org.springframework.boot.test.autoconfigure.web.servlet.MockMvcPrintOnlyOnFailureTestExecutionListener, org.springframework.boot.test.autoconfigure.web.servlet.WebDriverTestExecutionListener, org.springframework.boot.test.mock.mockito.MockitoTestExecutionListener, org.springframework.boot.test.mock.mockito.ResetMocksTestExecutionListener, org.springframework.test.context.web.ServletTestExecutionListener, org.springframework.test.context.support.DirtiesContextBeforeModesTestExecutionListener, org.springframework.test.context.support.DependencyInjectionTestExecutionListener, org.springframework.test.context.support.DirtiesContextTestExecutionListener, org.springframework.test.context.transaction.TransactionalTestExecutionListener, org.springframework.test.context.jdbc.SqlScriptsTestExecutionListener]
16:33:57.853 [Test worker] INFO org.springframework.boot.test.context.SpringBootTestContextBootstrapper - Using TestExecutionListeners: [org.springframework.test.context.web.ServletTestExecutionListener@70ebb0ec, org.springframework.test.context.support.DirtiesContextBeforeModesTestExecutionListener@2ec95785, org.springframework.boot.test.mock.mockito.MockitoTestExecutionListener@2dca4c8d, org.springframework.boot.test.autoconfigure.SpringBootDependencyInjectionTestExecutionListener@3d14c912, org.springframework.test.context.support.DirtiesContextTestExecutionListener@1055628c, org.springframework.test.context.transaction.TransactionalTestExecutionListener@74c47a7c, org.springframework.test.context.jdbc.SqlScriptsTestExecutionListener@b95fe4d, org.springframework.security.test.context.support.WithSecurityContextTestExecutionListener@10d2ea74, org.springframework.security.test.context.support.ReactorContextTestExecutionListener@2ba8bbe0, org.springframework.boot.test.autoconfigure.restdocs.RestDocsTestExecutionListener@7ce82373, org.springframework.boot.test.autoconfigure.web.client.MockRestServiceServerResetTestExecutionListener@58abcd35, org.springframework.boot.test.autoconfigure.web.servlet.MockMvcPrintOnlyOnFailureTestExecutionListener@5f2d1d1e, org.springframework.boot.test.autoconfigure.web.servlet.WebDriverTestExecutionListener@31b4caa0, org.springframework.boot.test.mock.mockito.ResetMocksTestExecutionListener@cfa845e]
16:33:57.856 [Test worker] DEBUG org.springframework.test.annotation.ProfileValueUtils - Retrieved @ProfileValueSourceConfiguration [null] for test class [com.envy.springboot.web.PostsApiControllerTest]
16:33:57.856 [Test worker] DEBUG org.springframework.test.annotation.ProfileValueUtils - Retrieved ProfileValueSource type [class org.springframework.test.annotation.SystemProfileValueSource] for class [com.envy.springboot.web.PostsApiControllerTest]
16:33:57.860 [Test worker] DEBUG org.springframework.test.annotation.ProfileValueUtils - Retrieved @ProfileValueSourceConfiguration [null] for test class [com.envy.springboot.web.PostsApiControllerTest]
16:33:57.860 [Test worker] DEBUG org.springframework.test.annotation.ProfileValueUtils - Retrieved ProfileValueSource type [class org.springframework.test.annotation.SystemProfileValueSource] for class [com.envy.springboot.web.PostsApiControllerTest]
16:33:57.861 [Test worker] DEBUG org.springframework.test.annotation.ProfileValueUtils - Retrieved @ProfileValueSourceConfiguration [null] for test class [com.envy.springboot.web.PostsApiControllerTest]
16:33:57.861 [Test worker] DEBUG org.springframework.test.annotation.ProfileValueUtils - Retrieved ProfileValueSource type [class org.springframework.test.annotation.SystemProfileValueSource] for class [com.envy.springboot.web.PostsApiControllerTest]
16:33:57.865 [Test worker] DEBUG org.springframework.test.context.support.AbstractDirtiesContextTestExecutionListener - Before test class: context [DefaultTestContext@fc32964 testClass = PostsApiControllerTest, testInstance = [null], testMethod = [null], testException = [null], mergedContextConfiguration = [WebMergedContextConfiguration@321f5f59 testClass = PostsApiControllerTest, locations = '{}', classes = '{class com.envy.springboot.Application}', contextInitializerClasses = '[]', activeProfiles = '{}', propertySourceLocations = '{}', propertySourceProperties = '{org.springframework.boot.test.context.SpringBootTestContextBootstrapper=true, server.port=0}', contextCustomizers = set[org.springframework.boot.test.autoconfigure.properties.PropertyMappingContextCustomizer@0, org.springframework.boot.test.autoconfigure.web.servlet.WebDriverContextCustomizerFactory$Customizer@3ca37404, org.springframework.boot.test.context.filter.ExcludeFilterContextCustomizer@347c055c, org.springframework.boot.test.json.DuplicateJsonObjectContextCustomizerFactory$DuplicateJsonObjectContextCustomizer@5ef6ae42, org.springframework.boot.test.mock.mockito.MockitoContextCustomizer@0, org.springframework.boot.test.web.client.TestRestTemplateContextCustomizer@327b1a7d], resourceBasePath = 'src/main/webapp', contextLoader = 'org.springframework.boot.test.context.SpringBootContextLoader', parent = [null]], attributes = map['org.springframework.test.context.web.ServletTestExecutionListener.activateListener' -> false]], class annotated with @DirtiesContext [false] with mode [null].
16:33:57.866 [Test worker] DEBUG org.springframework.test.annotation.ProfileValueUtils - Retrieved @ProfileValueSourceConfiguration [null] for test class [com.envy.springboot.web.PostsApiControllerTest]
16:33:57.866 [Test worker] DEBUG org.springframework.test.annotation.ProfileValueUtils - Retrieved ProfileValueSource type [class org.springframework.test.annotation.SystemProfileValueSource] for class [com.envy.springboot.web.PostsApiControllerTest]
16:33:57.870 [Test worker] DEBUG org.springframework.test.context.support.DependencyInjectionTestExecutionListener - Performing dependency injection for test context [[DefaultTestContext@fc32964 testClass = PostsApiControllerTest, testInstance = com.envy.springboot.web.PostsApiControllerTest@2edd3b80, testMethod = [null], testException = [null], mergedContextConfiguration = [WebMergedContextConfiguration@321f5f59 testClass = PostsApiControllerTest, locations = '{}', classes = '{class com.envy.springboot.Application}', contextInitializerClasses = '[]', activeProfiles = '{}', propertySourceLocations = '{}', propertySourceProperties = '{org.springframework.boot.test.context.SpringBootTestContextBootstrapper=true, server.port=0}', contextCustomizers = set[org.springframework.boot.test.autoconfigure.properties.PropertyMappingContextCustomizer@0, org.springframework.boot.test.autoconfigure.web.servlet.WebDriverContextCustomizerFactory$Customizer@3ca37404, org.springframework.boot.test.context.filter.ExcludeFilterContextCustomizer@347c055c, org.springframework.boot.test.json.DuplicateJsonObjectContextCustomizerFactory$DuplicateJsonObjectContextCustomizer@5ef6ae42, org.springframework.boot.test.mock.mockito.MockitoContextCustomizer@0, org.springframework.boot.test.web.client.TestRestTemplateContextCustomizer@327b1a7d], resourceBasePath = 'src/main/webapp', contextLoader = 'org.springframework.boot.test.context.SpringBootContextLoader', parent = [null]], attributes = map['org.springframework.test.context.web.ServletTestExecutionListener.activateListener' -> false]]].
16:33:57.887 [Test worker] DEBUG org.springframework.test.context.support.TestPropertySourceUtils - Adding inlined properties to environment: {spring.jmx.enabled=false, org.springframework.boot.test.context.SpringBootTestContextBootstrapper=true, server.port=0}

  .   ____          _            __ _ _
 /\\ / ___'_ __ _ _(_)_ __  __ _ \ \ \ \
( ( )\___ | '_ | '_| | '_ \/ _` | \ \ \ \
 \\/  ___)| |_)| | | | | || (_| |  ) ) ) )
  '  |____| .__|_| |_|_| |_\__, | / / / /
 =========|_|==============|___/=/_/_/_/
 :: Spring Boot ::        (v2.1.7.RELEASE)

2020-09-01 16:33:58.099  INFO 7672 --- [    Test worker] c.e.s.web.PostsApiControllerTest         : Starting PostsApiControllerTest on DESKTOP-5FOIT9P with PID 7672 (started by kkt35 in D:\IdeaProjects\springboot-webservice)
2020-09-01 16:33:58.100  INFO 7672 --- [    Test worker] c.e.s.web.PostsApiControllerTest         : No active profile set, falling back to default profiles: default
2020-09-01 16:33:58.877  INFO 7672 --- [    Test worker] .s.d.r.c.RepositoryConfigurationDelegate : Bootstrapping Spring Data repositories in DEFAULT mode.
2020-09-01 16:33:58.964  INFO 7672 --- [    Test worker] .s.d.r.c.RepositoryConfigurationDelegate : Finished Spring Data repository scanning in 78ms. Found 2 repository interfaces.
2020-09-01 16:33:59.404  INFO 7672 --- [    Test worker] trationDelegate$BeanPostProcessorChecker : Bean 'org.springframework.transaction.annotation.ProxyTransactionManagementConfiguration' of type [org.springframework.transaction.annotation.ProxyTransactionManagementConfiguration$$EnhancerBySpringCGLIB$$1b496a4f] is not eligible for getting processed by all BeanPostProcessors (for example: not eligible for auto-proxying)
2020-09-01 16:33:59.786  INFO 7672 --- [    Test worker] o.s.b.w.embedded.tomcat.TomcatWebServer  : Tomcat initialized with port(s): 0 (http)
2020-09-01 16:33:59.811  INFO 7672 --- [    Test worker] o.apache.catalina.core.StandardService   : Starting service [Tomcat]
2020-09-01 16:33:59.812  INFO 7672 --- [    Test worker] org.apache.catalina.core.StandardEngine  : Starting Servlet engine: [Apache Tomcat/9.0.22]
2020-09-01 16:33:59.972  INFO 7672 --- [    Test worker] o.a.c.c.C.[Tomcat].[localhost].[/]       : Initializing Spring embedded WebApplicationContext
2020-09-01 16:33:59.972  INFO 7672 --- [    Test worker] o.s.web.context.ContextLoader            : Root WebApplicationContext: initialization completed in 1840 ms
2020-09-01 16:34:00.234  INFO 7672 --- [    Test worker] com.zaxxer.hikari.HikariDataSource       : HikariPool-1 - Starting...
2020-09-01 16:34:00.391  INFO 7672 --- [    Test worker] com.zaxxer.hikari.HikariDataSource       : HikariPool-1 - Start completed.
2020-09-01 16:34:00.486  INFO 7672 --- [    Test worker] o.hibernate.jpa.internal.util.LogHelper  : HHH000204: Processing PersistenceUnitInfo [
	name: default
	...]
2020-09-01 16:34:00.568  INFO 7672 --- [    Test worker] org.hibernate.Version                    : HHH000412: Hibernate Core {5.3.10.Final}
2020-09-01 16:34:00.571  INFO 7672 --- [    Test worker] org.hibernate.cfg.Environment            : HHH000206: hibernate.properties not found
2020-09-01 16:34:00.729  INFO 7672 --- [    Test worker] o.hibernate.annotations.common.Version   : HCANN000001: Hibernate Commons Annotations {5.0.4.Final}
2020-09-01 16:34:00.872  INFO 7672 --- [    Test worker] org.hibernate.dialect.Dialect            : HHH000400: Using dialect: org.hibernate.dialect.MySQL5Dialect
Hibernate: drop table if exists posts
Hibernate: drop table if exists user
Hibernate: create table posts (id bigint not null auto_increment, created_date datetime, modified_date datetime, author varchar(255), content TEXT not null, title varchar(500) not null, primary key (id)) engine=MyISAM
Hibernate: create table user (id bigint not null auto_increment, created_date datetime, modified_date datetime, email varchar(255) not null, name varchar(255) not null, picture varchar(255), role varchar(255) not null, primary key (id)) engine=MyISAM
2020-09-01 16:34:01.536  INFO 7672 --- [    Test worker] o.h.t.schema.internal.SchemaCreatorImpl  : HHH000476: Executing import script 'org.hibernate.tool.schema.internal.exec.ScriptSourceInputNonExistentImpl@2869c005'
2020-09-01 16:34:01.540  INFO 7672 --- [    Test worker] j.LocalContainerEntityManagerFactoryBean : Initialized JPA EntityManagerFactory for persistence unit 'default'
2020-09-01 16:34:02.471  INFO 7672 --- [    Test worker] o.h.h.i.QueryTranslatorFactoryInitiator  : HHH000397: Using ASTQueryTranslatorFactory
2020-09-01 16:34:02.950  INFO 7672 --- [    Test worker] o.s.s.web.DefaultSecurityFilterChain     : Creating filter chain: any request, [org.springframework.security.web.context.request.async.WebAsyncManagerIntegrationFilter@7d6ce44e, org.springframework.security.web.context.SecurityContextPersistenceFilter@66c2d75b, org.springframework.security.web.header.HeaderWriterFilter@42c21dcf, org.springframework.security.web.authentication.logout.LogoutFilter@4cbe8fa0, org.springframework.security.oauth2.client.web.OAuth2AuthorizationRequestRedirectFilter@1808849e, org.springframework.security.oauth2.client.web.OAuth2LoginAuthenticationFilter@710473a2, org.springframework.security.web.authentication.ui.DefaultLoginPageGeneratingFilter@3026b12d, org.springframework.security.web.authentication.ui.DefaultLogoutPageGeneratingFilter@796a3d70, org.springframework.security.web.savedrequest.RequestCacheAwareFilter@4db54b44, org.springframework.security.web.servletapi.SecurityContextHolderAwareRequestFilter@702604c5, org.springframework.security.web.authentication.AnonymousAuthenticationFilter@7ba12727, org.springframework.security.web.session.SessionManagementFilter@38b1eaca, org.springframework.security.web.access.ExceptionTranslationFilter@5a0b2552, org.springframework.security.web.access.intercept.FilterSecurityInterceptor@766c6b5c]
2020-09-01 16:34:03.345  INFO 7672 --- [    Test worker] o.s.s.concurrent.ThreadPoolTaskExecutor  : Initializing ExecutorService 'applicationTaskExecutor'
2020-09-01 16:34:03.406  WARN 7672 --- [    Test worker] aWebConfiguration$JpaWebMvcConfiguration : spring.jpa.open-in-view is enabled by default. Therefore, database queries may be performed during view rendering. Explicitly configure spring.jpa.open-in-view to disable this warning
2020-09-01 16:34:03.461  INFO 7672 --- [    Test worker] o.s.b.a.w.s.WelcomePageHandlerMapping    : Adding welcome page template: index
2020-09-01 16:34:03.859  INFO 7672 --- [    Test worker] s.a.ScheduledAnnotationBeanPostProcessor : No TaskScheduler/ScheduledExecutorService bean found for scheduled processing
2020-09-01 16:34:03.882  INFO 7672 --- [    Test worker] o.s.b.w.embedded.tomcat.TomcatWebServer  : Tomcat started on port(s): 59639 (http) with context path ''
2020-09-01 16:34:03.884  INFO 7672 --- [    Test worker] c.e.s.web.PostsApiControllerTest         : Started PostsApiControllerTest in 5.997 seconds (JVM running for 7.744)
2020-09-01 16:34:03.973  INFO 7672 --- [    Test worker] o.a.c.c.C.[Tomcat].[localhost].[/]       : Initializing Spring TestDispatcherServlet ''
2020-09-01 16:34:03.973  INFO 7672 --- [    Test worker] o.s.t.web.servlet.TestDispatcherServlet  : Initializing Servlet ''
2020-09-01 16:34:03.988  INFO 7672 --- [    Test worker] o.s.t.web.servlet.TestDispatcherServlet  : Completed initialization in 15 ms
Hibernate: insert into posts (created_date, modified_date, author, content, title) values (?, ?, ?, ?, ?)
Hibernate: select posts0_.id as id1_0_, posts0_.created_date as created_2_0_, posts0_.modified_date as modified3_0_, posts0_.author as author4_0_, posts0_.content as content5_0_, posts0_.title as title6_0_ from posts posts0_
Hibernate: select posts0_.id as id1_0_, posts0_.created_date as created_2_0_, posts0_.modified_date as modified3_0_, posts0_.author as author4_0_, posts0_.content as content5_0_, posts0_.title as title6_0_ from posts posts0_
Hibernate: delete from posts where id=?
]]></system-out>
  <system-err><![CDATA[]]></system-err>
</testsuite>
